CRITICAL - 2026-07-20 06:55:32 --> Error: Class "App\Controllers\Client\BaseClientController" not found
[Method: GET, Route: /]
in APPPATH/Controllers/Client/AuthController.php on line 5.
 1 SYSTEMPATH/Autoloader/Autoloader.php(315): include_once()
 2 SYSTEMPATH/Autoloader/Autoloader.php(295): CodeIgniter\Autoloader\Autoloader->includeFile()
 3 SYSTEMPATH/Autoloader/Autoloader.php(271): CodeIgniter\Autoloader\Autoloader->loadInNamespace()
 4 [internal function]: CodeIgniter\Autoloader\Autoloader->loadClass()
 5 SYSTEMPATH/Router/Router.php(792): class_exists()
 6 SYSTEMPATH/Router/Router.php(230): CodeIgniter\Router\Router->processRouteAttributes()
 7 SYSTEMPATH/CodeIgniter.php(829): CodeIgniter\Router\Router->handle()
 8 SYSTEMPATH/CodeIgniter.php(441): CodeIgniter\CodeIgniter->tryToRouteIt()
 9 SYSTEMPATH/CodeIgniter.php(340): CodeIgniter\CodeIgniter->handleRequest()
10 SYSTEMPATH/Boot.php(417): CodeIgniter\CodeIgniter->run()
11 SYSTEMPATH/Boot.php(68): CodeIgniter\Boot::runCodeIgniter()
12 FCPATH/index.php(59): CodeIgniter\Boot::bootWeb()
13 SYSTEMPATH/rewrite.php(44): require_once('/home/itu/Documents/M.ROJO/Projet-Final-Igniter/public/index.php')
CRITICAL - 2026-07-20 07:02:08 --> Error: Class "App\Controllers\Client\BaseClientController" not found
[Method: GET, Route: /]
in APPPATH/Controllers/Client/AuthController.php on line 5.
 1 SYSTEMPATH/Autoloader/Autoloader.php(315): include_once()
 2 SYSTEMPATH/Autoloader/Autoloader.php(295): CodeIgniter\Autoloader\Autoloader->includeFile()
 3 SYSTEMPATH/Autoloader/Autoloader.php(271): CodeIgniter\Autoloader\Autoloader->loadInNamespace()
 4 [internal function]: CodeIgniter\Autoloader\Autoloader->loadClass()
 5 SYSTEMPATH/Router/Router.php(792): class_exists()
 6 SYSTEMPATH/Router/Router.php(230): CodeIgniter\Router\Router->processRouteAttributes()
 7 SYSTEMPATH/CodeIgniter.php(829): CodeIgniter\Router\Router->handle()
 8 SYSTEMPATH/CodeIgniter.php(441): CodeIgniter\CodeIgniter->tryToRouteIt()
 9 SYSTEMPATH/CodeIgniter.php(340): CodeIgniter\CodeIgniter->handleRequest()
10 SYSTEMPATH/Boot.php(417): CodeIgniter\CodeIgniter->run()
11 SYSTEMPATH/Boot.php(68): CodeIgniter\Boot::runCodeIgniter()
12 FCPATH/index.php(59): CodeIgniter\Boot::bootWeb()
13 SYSTEMPATH/rewrite.php(44): require_once('/home/itu/Documents/M.ROJO/Projet-Final-Igniter/public/index.php')
CRITICAL - 2026-07-20 07:03:40 --> CodeIgniter\View\Exceptions\ViewException: Invalid file: "client/login.php"
[Method: GET, Route: /]
in SYSTEMPATH/Exceptions/FrameworkException.php on line 39.
 1 SYSTEMPATH/View/View.php(228): CodeIgniter\Exceptions\FrameworkException::forInvalidFile()
 2 SYSTEMPATH/Common.php(1250): CodeIgniter\View\View->render()
 3 APPPATH/Controllers/Client/AuthController.php(9): view()
 4 SYSTEMPATH/CodeIgniter.php(951): App\Controllers\Client\AuthController->login()
 5 SYSTEMPATH/CodeIgniter.php(497): CodeIgniter\CodeIgniter->runController()
 6 SYSTEMPATH/CodeIgniter.php(340): CodeIgniter\CodeIgniter->handleRequest()
 7 SYSTEMPATH/Boot.php(417): CodeIgniter\CodeIgniter->run()
 8 SYSTEMPATH/Boot.php(68): CodeIgniter\Boot::runCodeIgniter()
 9 FCPATH/index.php(59): CodeIgniter\Boot::bootWeb()
10 SYSTEMPATH/rewrite.php(44): require_once('/home/itu/Documents/M.ROJO/Projet-Final-Igniter/public/index.php')
